0 info it worked if it ends with ok
1 verbose cli [ '/usr/bin/node',
1 verbose cli   '/usr/bin/npm',
1 verbose cli   '--no-update-notifier',
1 verbose cli   '--no-audit',
1 verbose cli   '--scripts-prepend-node-path=true',
1 verbose cli   'install' ]
2 info using npm@3.5.2
3 info using node@v8.10.0
4 silly loadCurrentTree Starting
5 silly install loadCurrentTree
6 silly install readLocalPackageData
7 silly install normalizeTree
8 silly loadCurrentTree Finishing
9 silly loadIdealTree Starting
10 silly install loadIdealTree
11 silly cloneCurrentTree Starting
12 silly install cloneCurrentTreeToIdealTree
13 silly cloneCurrentTree Finishing
14 silly loadShrinkwrap Starting
15 silly install loadShrinkwrap
16 silly loadShrinkwrap Finishing
17 silly loadAllDepsIntoIdealTree Starting
18 silly install loadAllDepsIntoIdealTree
19 silly fetchNamedPackageData lit-element
20 silly mapToRegistry name lit-element
21 silly mapToRegistry using default registry
22 silly mapToRegistry registry https://registry.npmjs.org/
23 silly mapToRegistry uri https://registry.npmjs.org/lit-element
24 silly fetchNamedPackageData @polymer/polymer
25 silly mapToRegistry name @polymer/polymer
26 silly mapToRegistry scope (from package name) @polymer
27 verbose mapToRegistry no registry URL found in name for scope @polymer
28 silly mapToRegistry using default registry
29 silly mapToRegistry registry https://registry.npmjs.org/
30 silly mapToRegistry uri https://registry.npmjs.org/@polymer%2fpolymer
31 silly fetchNamedPackageData @webcomponents/webcomponentsjs
32 silly mapToRegistry name @webcomponents/webcomponentsjs
33 silly mapToRegistry scope (from package name) @webcomponents
34 verbose mapToRegistry no registry URL found in name for scope @webcomponents
35 silly mapToRegistry using default registry
36 silly mapToRegistry registry https://registry.npmjs.org/
37 silly mapToRegistry uri https://registry.npmjs.org/@webcomponents%2fwebcomponentsjs
38 silly fetchNamedPackageData @vaadin/vaadin-grid
39 silly mapToRegistry name @vaadin/vaadin-grid
40 silly mapToRegistry scope (from package name) @vaadin
41 verbose mapToRegistry no registry URL found in name for scope @vaadin
42 silly mapToRegistry using default registry
43 silly mapToRegistry registry https://registry.npmjs.org/
44 silly mapToRegistry uri https://registry.npmjs.org/@vaadin%2fvaadin-grid
45 silly fetchNamedPackageData @vaadin/vaadin-icons
46 silly mapToRegistry name @vaadin/vaadin-icons
47 silly mapToRegistry scope (from package name) @vaadin
48 verbose mapToRegistry no registry URL found in name for scope @vaadin
49 silly mapToRegistry using default registry
50 silly mapToRegistry registry https://registry.npmjs.org/
51 silly mapToRegistry uri https://registry.npmjs.org/@vaadin%2fvaadin-icons
52 silly fetchNamedPackageData @vaadin/vaadin-split-layout
53 silly mapToRegistry name @vaadin/vaadin-split-layout
54 silly mapToRegistry scope (from package name) @vaadin
55 verbose mapToRegistry no registry URL found in name for scope @vaadin
56 silly mapToRegistry using default registry
57 silly mapToRegistry registry https://registry.npmjs.org/
58 silly mapToRegistry uri https://registry.npmjs.org/@vaadin%2fvaadin-split-layout
59 silly fetchNamedPackageData @vaadin/vaadin-combo-box
60 silly mapToRegistry name @vaadin/vaadin-combo-box
61 silly mapToRegistry scope (from package name) @vaadin
62 verbose mapToRegistry no registry URL found in name for scope @vaadin
63 silly mapToRegistry using default registry
64 silly mapToRegistry registry https://registry.npmjs.org/
65 silly mapToRegistry uri https://registry.npmjs.org/@vaadin%2fvaadin-combo-box
66 silly fetchNamedPackageData @vaadin/vaadin-core-shrinkwrap
67 silly mapToRegistry name @vaadin/vaadin-core-shrinkwrap
68 silly mapToRegistry scope (from package name) @vaadin
69 verbose mapToRegistry no registry URL found in name for scope @vaadin
70 silly mapToRegistry using default registry
71 silly mapToRegistry registry https://registry.npmjs.org/
72 silly mapToRegistry uri https://registry.npmjs.org/@vaadin%2fvaadin-core-shrinkwrap
73 silly fetchNamedPackageData @vaadin/vaadin-upload
74 silly mapToRegistry name @vaadin/vaadin-upload
75 silly mapToRegistry scope (from package name) @vaadin
76 verbose mapToRegistry no registry URL found in name for scope @vaadin
77 silly mapToRegistry using default registry
78 silly mapToRegistry registry https://registry.npmjs.org/
79 silly mapToRegistry uri https://registry.npmjs.org/@vaadin%2fvaadin-upload
80 silly fetchNamedPackageData @vaadin/vaadin-dialog
81 silly mapToRegistry name @vaadin/vaadin-dialog
82 silly mapToRegistry scope (from package name) @vaadin
83 verbose mapToRegistry no registry URL found in name for scope @vaadin
84 silly mapToRegistry using default registry
85 silly mapToRegistry registry https://registry.npmjs.org/
86 silly mapToRegistry uri https://registry.npmjs.org/@vaadin%2fvaadin-dialog
87 silly fetchNamedPackageData @vaadin/vaadin-select
88 silly mapToRegistry name @vaadin/vaadin-select
89 silly mapToRegistry scope (from package name) @vaadin
90 verbose mapToRegistry no registry URL found in name for scope @vaadin
91 silly mapToRegistry using default registry
92 silly mapToRegistry registry https://registry.npmjs.org/
93 silly mapToRegistry uri https://registry.npmjs.org/@vaadin%2fvaadin-select
94 silly fetchNamedPackageData @vaadin/vaadin-app-layout
95 silly mapToRegistry name @vaadin/vaadin-app-layout
96 silly mapToRegistry scope (from package name) @vaadin
97 verbose mapToRegistry no registry URL found in name for scope @vaadin
98 silly mapToRegistry using default registry
99 silly mapToRegistry registry https://registry.npmjs.org/
100 silly mapToRegistry uri https://registry.npmjs.org/@vaadin%2fvaadin-app-layout
101 silly fetchNamedPackageData @vaadin/vaadin-item
102 silly mapToRegistry name @vaadin/vaadin-item
103 silly mapToRegistry scope (from package name) @vaadin
104 verbose mapToRegistry no registry URL found in name for scope @vaadin
105 silly mapToRegistry using default registry
106 silly mapToRegistry registry https://registry.npmjs.org/
107 silly mapToRegistry uri https://registry.npmjs.org/@vaadin%2fvaadin-item
108 silly fetchNamedPackageData @vaadin/vaadin-notification
109 silly mapToRegistry name @vaadin/vaadin-notification
110 silly mapToRegistry scope (from package name) @vaadin
111 verbose mapToRegistry no registry URL found in name for scope @vaadin
112 silly mapToRegistry using default registry
113 silly mapToRegistry registry https://registry.npmjs.org/
114 silly mapToRegistry uri https://registry.npmjs.org/@vaadin%2fvaadin-notification
115 silly fetchNamedPackageData @vaadin/vaadin-progress-bar
116 silly mapToRegistry name @vaadin/vaadin-progress-bar
117 silly mapToRegistry scope (from package name) @vaadin
118 verbose mapToRegistry no registry URL found in name for scope @vaadin
119 silly mapToRegistry using default registry
120 silly mapToRegistry registry https://registry.npmjs.org/
121 silly mapToRegistry uri https://registry.npmjs.org/@vaadin%2fvaadin-progress-bar
122 silly fetchNamedPackageData @vaadin-component-factory/vcf-enhanced-crud
123 silly mapToRegistry name @vaadin-component-factory/vcf-enhanced-crud
124 silly mapToRegistry scope (from package name) @vaadin-component-factory
125 verbose mapToRegistry no registry URL found in name for scope @vaadin-component-factory
126 silly mapToRegistry using default registry
127 silly mapToRegistry registry https://registry.npmjs.org/
128 silly mapToRegistry uri https://registry.npmjs.org/@vaadin-component-factory%2fvcf-enhanced-crud
129 silly fetchNamedPackageData @vaadin/vaadin-date-time-picker
130 silly mapToRegistry name @vaadin/vaadin-date-time-picker
131 silly mapToRegistry scope (from package name) @vaadin
132 verbose mapToRegistry no registry URL found in name for scope @vaadin
133 silly mapToRegistry using default registry
134 silly mapToRegistry registry https://registry.npmjs.org/
135 silly mapToRegistry uri https://registry.npmjs.org/@vaadin%2fvaadin-date-time-picker
136 silly fetchNamedPackageData @vaadin/vaadin-ordered-layout
137 silly mapToRegistry name @vaadin/vaadin-ordered-layout
138 silly mapToRegistry scope (from package name) @vaadin
139 verbose mapToRegistry no registry URL found in name for scope @vaadin
140 silly mapToRegistry using default registry
141 silly mapToRegistry registry https://registry.npmjs.org/
142 silly mapToRegistry uri https://registry.npmjs.org/@vaadin%2fvaadin-ordered-layout
143 silly fetchNamedPackageData @vaadin/vaadin-login
144 silly mapToRegistry name @vaadin/vaadin-login
145 silly mapToRegistry scope (from package name) @vaadin
146 verbose mapToRegistry no registry URL found in name for scope @vaadin
147 silly mapToRegistry using default registry
148 silly mapToRegistry registry https://registry.npmjs.org/
149 silly mapToRegistry uri https://registry.npmjs.org/@vaadin%2fvaadin-login
150 silly fetchNamedPackageData @vaadin/vaadin-button
151 silly mapToRegistry name @vaadin/vaadin-button
152 silly mapToRegistry scope (from package name) @vaadin
153 verbose mapToRegistry no registry URL found in name for scope @vaadin
154 silly mapToRegistry using default registry
155 silly mapToRegistry registry https://registry.npmjs.org/
156 silly mapToRegistry uri https://registry.npmjs.org/@vaadin%2fvaadin-button
157 silly fetchNamedPackageData @vaadin/vaadin-date-picker
158 silly mapToRegistry name @vaadin/vaadin-date-picker
159 silly mapToRegistry scope (from package name) @vaadin
160 verbose mapToRegistry no registry URL found in name for scope @vaadin
161 silly mapToRegistry using default registry
162 silly mapToRegistry registry https://registry.npmjs.org/
163 silly mapToRegistry uri https://registry.npmjs.org/@vaadin%2fvaadin-date-picker
164 silly fetchNamedPackageData @vaadin/vaadin-text-field
165 silly mapToRegistry name @vaadin/vaadin-text-field
166 silly mapToRegistry scope (from package name) @vaadin
167 verbose mapToRegistry no registry URL found in name for scope @vaadin
168 silly mapToRegistry using default registry
169 silly mapToRegistry registry https://registry.npmjs.org/
170 silly mapToRegistry uri https://registry.npmjs.org/@vaadin%2fvaadin-text-field
171 silly fetchNamedPackageData @vaadin/vaadin-menu-bar
172 silly mapToRegistry name @vaadin/vaadin-menu-bar
173 silly mapToRegistry scope (from package name) @vaadin
174 verbose mapToRegistry no registry URL found in name for scope @vaadin
175 silly mapToRegistry using default registry
176 silly mapToRegistry registry https://registry.npmjs.org/
177 silly mapToRegistry uri https://registry.npmjs.org/@vaadin%2fvaadin-menu-bar
178 silly fetchNamedPackageData @vaadin/vaadin-custom-field
179 silly mapToRegistry name @vaadin/vaadin-custom-field
180 silly mapToRegistry scope (from package name) @vaadin
181 verbose mapToRegistry no registry URL found in name for scope @vaadin
182 silly mapToRegistry using default registry
183 silly mapToRegistry registry https://registry.npmjs.org/
184 silly mapToRegistry uri https://registry.npmjs.org/@vaadin%2fvaadin-custom-field
185 silly fetchNamedPackageData @vaadin/vaadin-form-layout
186 silly mapToRegistry name @vaadin/vaadin-form-layout
187 silly mapToRegistry scope (from package name) @vaadin
188 verbose mapToRegistry no registry URL found in name for scope @vaadin
189 silly mapToRegistry using default registry
190 silly mapToRegistry registry https://registry.npmjs.org/
191 silly mapToRegistry uri https://registry.npmjs.org/@vaadin%2fvaadin-form-layout
192 silly fetchNamedPackageData @vaadin/vaadin-confirm-dialog
193 silly mapToRegistry name @vaadin/vaadin-confirm-dialog
194 silly mapToRegistry scope (from package name) @vaadin
195 verbose mapToRegistry no registry URL found in name for scope @vaadin
196 silly mapToRegistry using default registry
197 silly mapToRegistry registry https://registry.npmjs.org/
198 silly mapToRegistry uri https://registry.npmjs.org/@vaadin%2fvaadin-confirm-dialog
199 silly fetchNamedPackageData @vaadin/vaadin-accordion
200 silly mapToRegistry name @vaadin/vaadin-accordion
201 silly mapToRegistry scope (from package name) @vaadin
202 verbose mapToRegistry no registry URL found in name for scope @vaadin
203 silly mapToRegistry using default registry
204 silly mapToRegistry registry https://registry.npmjs.org/
205 silly mapToRegistry uri https://registry.npmjs.org/@vaadin%2fvaadin-accordion
206 silly fetchNamedPackageData @polymer/iron-list
207 silly mapToRegistry name @polymer/iron-list
208 silly mapToRegistry scope (from package name) @polymer
209 verbose mapToRegistry no registry URL found in name for scope @polymer
210 silly mapToRegistry using default registry
211 silly mapToRegistry registry https://registry.npmjs.org/
212 silly mapToRegistry uri https://registry.npmjs.org/@polymer%2firon-list
213 silly fetchNamedPackageData @vaadin/vaadin-list-box
214 silly mapToRegistry name @vaadin/vaadin-list-box
215 silly mapToRegistry scope (from package name) @vaadin
216 verbose mapToRegistry no registry URL found in name for scope @vaadin
217 silly mapToRegistry using default registry
218 silly mapToRegistry registry https://registry.npmjs.org/
219 silly mapToRegistry uri https://registry.npmjs.org/@vaadin%2fvaadin-list-box
220 silly fetchNamedPackageData @vaadin/vaadin-checkbox
221 silly mapToRegistry name @vaadin/vaadin-checkbox
222 silly mapToRegistry scope (from package name) @vaadin
223 verbose mapToRegistry no registry URL found in name for scope @vaadin
224 silly mapToRegistry using default registry
225 silly mapToRegistry registry https://registry.npmjs.org/
226 silly mapToRegistry uri https://registry.npmjs.org/@vaadin%2fvaadin-checkbox
227 silly fetchNamedPackageData @vaadin/vaadin-details
228 silly mapToRegistry name @vaadin/vaadin-details
229 silly mapToRegistry scope (from package name) @vaadin
230 verbose mapToRegistry no registry URL found in name for scope @vaadin
231 silly mapToRegistry using default registry
232 silly mapToRegistry registry https://registry.npmjs.org/
233 silly mapToRegistry uri https://registry.npmjs.org/@vaadin%2fvaadin-details
234 silly fetchNamedPackageData @polymer/iron-icon
235 silly mapToRegistry name @polymer/iron-icon
236 silly mapToRegistry scope (from package name) @polymer
237 verbose mapToRegistry no registry URL found in name for scope @polymer
238 silly mapToRegistry using default registry
239 silly mapToRegistry registry https://registry.npmjs.org/
240 silly mapToRegistry uri https://registry.npmjs.org/@polymer%2firon-icon
241 silly fetchNamedPackageData @vaadin/vaadin-time-picker
242 silly mapToRegistry name @vaadin/vaadin-time-picker
243 silly mapToRegistry scope (from package name) @vaadin
244 verbose mapToRegistry no registry URL found in name for scope @vaadin
245 silly mapToRegistry using default registry
246 silly mapToRegistry registry https://registry.npmjs.org/
247 silly mapToRegistry uri https://registry.npmjs.org/@vaadin%2fvaadin-time-picker
248 silly fetchNamedPackageData @vaadin/vaadin-context-menu
249 silly mapToRegistry name @vaadin/vaadin-context-menu
250 silly mapToRegistry scope (from package name) @vaadin
251 verbose mapToRegistry no registry URL found in name for scope @vaadin
252 silly mapToRegistry using default registry
253 silly mapToRegistry registry https://registry.npmjs.org/
254 silly mapToRegistry uri https://registry.npmjs.org/@vaadin%2fvaadin-context-menu
255 silly fetchNamedPackageData @vaadin/vaadin-tabs
256 silly mapToRegistry name @vaadin/vaadin-tabs
257 silly mapToRegistry scope (from package name) @vaadin
258 verbose mapToRegistry no registry URL found in name for scope @vaadin
259 silly mapToRegistry using default registry
260 silly mapToRegistry registry https://registry.npmjs.org/
261 silly mapToRegistry uri https://registry.npmjs.org/@vaadin%2fvaadin-tabs
262 silly fetchNamedPackageData @vaadin/vaadin-radio-button
263 silly mapToRegistry name @vaadin/vaadin-radio-button
264 silly mapToRegistry scope (from package name) @vaadin
265 verbose mapToRegistry no registry URL found in name for scope @vaadin
266 silly mapToRegistry using default registry
267 silly mapToRegistry registry https://registry.npmjs.org/
268 silly mapToRegistry uri https://registry.npmjs.org/@vaadin%2fvaadin-radio-button
269 silly fetchNamedPackageData @vaadin/vaadin-lumo-styles
270 silly mapToRegistry name @vaadin/vaadin-lumo-styles
271 silly mapToRegistry scope (from package name) @vaadin
272 verbose mapToRegistry no registry URL found in name for scope @vaadin
273 silly mapToRegistry using default registry
274 silly mapToRegistry registry https://registry.npmjs.org/
275 silly mapToRegistry uri https://registry.npmjs.org/@vaadin%2fvaadin-lumo-styles
276 silly fetchNamedPackageData @vaadin/vaadin-material-styles
277 silly mapToRegistry name @vaadin/vaadin-material-styles
278 silly mapToRegistry scope (from package name) @vaadin
279 verbose mapToRegistry no registry URL found in name for scope @vaadin
280 silly mapToRegistry using default registry
281 silly mapToRegistry registry https://registry.npmjs.org/
282 silly mapToRegistry uri https://registry.npmjs.org/@vaadin%2fvaadin-material-styles
283 verbose request uri https://registry.npmjs.org/lit-element
284 verbose request no auth needed
285 info attempt registry request try #1 at 8:30:05 PM
286 verbose request id 0c7d2f54657e1ec8
287 verbose etag W/"7a28761b17470af2336917b53067f8df"
288 verbose lastModified Thu, 17 Dec 2020 21:13:39 GMT
289 http request GET https://registry.npmjs.org/lit-element
290 verbose request uri https://registry.npmjs.org/@webcomponents%2fwebcomponentsjs
291 verbose request no auth needed
292 info attempt registry request try #1 at 8:30:05 PM
293 verbose etag W/"25b51f2b994f7c4774c6bb02700b6d8f"
294 verbose lastModified Wed, 21 Oct 2020 22:20:28 GMT
295 http request GET https://registry.npmjs.org/@webcomponents%2fwebcomponentsjs
296 verbose request uri https://registry.npmjs.org/@polymer%2fpolymer
297 verbose request no auth needed
298 info attempt registry request try #1 at 8:30:05 PM
299 verbose etag W/"573e0645ac9261edcfa77cda76037721"
300 verbose lastModified Thu, 30 Apr 2020 18:11:43 GMT
301 http request GET https://registry.npmjs.org/@polymer%2fpolymer
302 verbose request uri https://registry.npmjs.org/@vaadin%2fvaadin-icons
303 verbose request no auth needed
304 info attempt registry request try #1 at 8:30:05 PM
305 verbose etag W/"23372f6686c7c9aa1e35653f0217a9e1"
306 verbose lastModified Wed, 02 Dec 2020 12:05:21 GMT
307 http request GET https://registry.npmjs.org/@vaadin%2fvaadin-icons
308 verbose request uri https://registry.npmjs.org/@vaadin%2fvaadin-split-layout
309 verbose request no auth needed
310 info attempt registry request try #1 at 8:30:05 PM
311 verbose etag W/"a409aaf14739ac8794078a002f8dcf66"
312 verbose lastModified Thu, 20 Aug 2020 11:38:04 GMT
313 http request GET https://registry.npmjs.org/@vaadin%2fvaadin-split-layout
314 verbose request uri https://registry.npmjs.org/@vaadin%2fvaadin-grid
315 verbose request no auth needed
316 info attempt registry request try #1 at 8:30:05 PM
317 verbose etag W/"dfa328f047c50932072d39b0afc19ca7"
318 verbose lastModified Mon, 07 Dec 2020 11:34:56 GMT
319 http request GET https://registry.npmjs.org/@vaadin%2fvaadin-grid
320 verbose request uri https://registry.npmjs.org/@vaadin%2fvaadin-combo-box
321 verbose request no auth needed
322 info attempt registry request try #1 at 8:30:05 PM
323 verbose etag W/"1fc2489a534ad8fbba07c25b7c3a02bd"
324 verbose lastModified Thu, 10 Dec 2020 14:46:06 GMT
325 http request GET https://registry.npmjs.org/@vaadin%2fvaadin-combo-box
326 verbose request uri https://registry.npmjs.org/@vaadin%2fvaadin-upload
327 verbose request no auth needed
328 info attempt registry request try #1 at 8:30:05 PM
329 verbose etag W/"12a1922c2e6b6c5424184e30db51ac43"
330 verbose lastModified Mon, 07 Dec 2020 11:20:34 GMT
331 http request GET https://registry.npmjs.org/@vaadin%2fvaadin-upload
332 verbose request uri https://registry.npmjs.org/@vaadin%2fvaadin-core-shrinkwrap
333 verbose request no auth needed
334 info attempt registry request try #1 at 8:30:05 PM
335 verbose etag W/"bdad390990d74750807767de3df50f9a"
336 verbose lastModified Mon, 28 Dec 2020 09:36:23 GMT
337 http request GET https://registry.npmjs.org/@vaadin%2fvaadin-core-shrinkwrap
338 verbose request uri https://registry.npmjs.org/@vaadin%2fvaadin-dialog
339 verbose request no auth needed
340 info attempt registry request try #1 at 8:30:05 PM
341 verbose etag W/"3cfa3a86ca68e01738ab33700868a8cb"
342 verbose lastModified Fri, 18 Sep 2020 07:28:14 GMT
343 http request GET https://registry.npmjs.org/@vaadin%2fvaadin-dialog
344 verbose request uri https://registry.npmjs.org/@vaadin%2fvaadin-select
345 verbose request no auth needed
346 info attempt registry request try #1 at 8:30:05 PM
347 verbose etag W/"2034c5fb5e74cb6ce0de2ef867194d7e"
348 verbose lastModified Fri, 11 Dec 2020 07:31:15 GMT
349 http request GET https://registry.npmjs.org/@vaadin%2fvaadin-select
350 verbose request uri https://registry.npmjs.org/@vaadin%2fvaadin-app-layout
351 verbose request no auth needed
352 info attempt registry request try #1 at 8:30:05 PM
353 verbose etag W/"18674ff7df085c9cae0f1e6d3a3c8a60"
354 verbose lastModified Thu, 20 Aug 2020 11:10:06 GMT
355 http request GET https://registry.npmjs.org/@vaadin%2fvaadin-app-layout
356 verbose request uri https://registry.npmjs.org/@vaadin%2fvaadin-item
357 verbose request no auth needed
358 info attempt registry request try #1 at 8:30:05 PM
359 verbose etag W/"b167408f0a4ebe6b362c13cf3243c0e8"
360 verbose lastModified Mon, 07 Dec 2020 09:18:57 GMT
361 http request GET https://registry.npmjs.org/@vaadin%2fvaadin-item
362 verbose request uri https://registry.npmjs.org/@vaadin%2fvaadin-notification
363 verbose request no auth needed
364 info attempt registry request try #1 at 8:30:05 PM
365 verbose etag W/"02341aa01abf64ee359dc9f2390c29fa"
366 verbose lastModified Thu, 20 Aug 2020 12:00:46 GMT
367 http request GET https://registry.npmjs.org/@vaadin%2fvaadin-notification
368 verbose request uri https://registry.npmjs.org/@vaadin%2fvaadin-progress-bar
369 verbose request no auth needed
370 info attempt registry request try #1 at 8:30:05 PM
371 verbose etag W/"453fca8a41d2d396c3e23a076a86cfe6"
372 verbose lastModified Thu, 20 Aug 2020 12:07:07 GMT
373 http request GET https://registry.npmjs.org/@vaadin%2fvaadin-progress-bar
374 verbose request uri https://registry.npmjs.org/@vaadin-component-factory%2fvcf-enhanced-crud
375 verbose request no auth needed
376 info attempt registry request try #1 at 8:30:05 PM
377 verbose etag W/"eca498ca84facf7c3096a2094deab3d7"
378 verbose lastModified Fri, 23 Oct 2020 10:24:52 GMT
379 http request GET https://registry.npmjs.org/@vaadin-component-factory%2fvcf-enhanced-crud
380 verbose request uri https://registry.npmjs.org/@vaadin%2fvaadin-date-time-picker
381 verbose request no auth needed
382 info attempt registry request try #1 at 8:30:05 PM
383 verbose etag W/"bda5a8181a37fa5afc36d8e143932a07"
384 verbose lastModified Thu, 17 Dec 2020 07:15:17 GMT
385 http request GET https://registry.npmjs.org/@vaadin%2fvaadin-date-time-picker
386 verbose request uri https://registry.npmjs.org/@vaadin%2fvaadin-ordered-layout
387 verbose request no auth needed
388 info attempt registry request try #1 at 8:30:05 PM
389 verbose etag W/"764ad414f632b5ff32cabdfc98a5f8b2"
390 verbose lastModified Thu, 20 Aug 2020 12:10:22 GMT
391 http request GET https://registry.npmjs.org/@vaadin%2fvaadin-ordered-layout
392 verbose request uri https://registry.npmjs.org/@vaadin%2fvaadin-login
393 verbose request no auth needed
394 info attempt registry request try #1 at 8:30:05 PM
395 verbose etag W/"77eb2640b3cc7ec2b5e9b1ccec22970d"
396 verbose lastModified Wed, 23 Dec 2020 15:40:55 GMT
397 http request GET https://registry.npmjs.org/@vaadin%2fvaadin-login
398 verbose request uri https://registry.npmjs.org/@vaadin%2fvaadin-button
399 verbose request no auth needed
400 info attempt registry request try #1 at 8:30:05 PM
401 verbose etag W/"855235af9c741ebd7926277356599483"
402 verbose lastModified Thu, 20 Aug 2020 09:40:40 GMT
403 http request GET https://registry.npmjs.org/@vaadin%2fvaadin-button
404 verbose request uri https://registry.npmjs.org/@vaadin%2fvaadin-date-picker
405 verbose request no auth needed
406 info attempt registry request try #1 at 8:30:05 PM
407 verbose etag W/"76425d107987cad35f04b9505587c313"
408 verbose lastModified Mon, 07 Dec 2020 12:34:05 GMT
409 http request GET https://registry.npmjs.org/@vaadin%2fvaadin-date-picker
410 verbose request uri https://registry.npmjs.org/@vaadin%2fvaadin-text-field
411 verbose request no auth needed
412 info attempt registry request try #1 at 8:30:05 PM
413 verbose etag W/"9b1436bd6466797abc231179452b9295"
414 verbose lastModified Mon, 07 Dec 2020 09:30:20 GMT
415 http request GET https://registry.npmjs.org/@vaadin%2fvaadin-text-field
416 verbose request uri https://registry.npmjs.org/@vaadin%2fvaadin-menu-bar
417 verbose request no auth needed
418 info attempt registry request try #1 at 8:30:05 PM
419 verbose etag W/"b10b0d6c2c20e72b6ef58c7e96a69616"
420 verbose lastModified Wed, 16 Dec 2020 07:54:40 GMT
421 http request GET https://registry.npmjs.org/@vaadin%2fvaadin-menu-bar
422 verbose request uri https://registry.npmjs.org/@vaadin%2fvaadin-custom-field
423 verbose request no auth needed
424 info attempt registry request try #1 at 8:30:05 PM
425 verbose etag W/"7033a85c183ecfaf57a05361e1b1d372"
426 verbose lastModified Mon, 07 Dec 2020 11:03:52 GMT
427 http request GET https://registry.npmjs.org/@vaadin%2fvaadin-custom-field
428 verbose request uri https://registry.npmjs.org/@vaadin%2fvaadin-form-layout
429 verbose request no auth needed
430 info attempt registry request try #1 at 8:30:05 PM
431 verbose etag W/"053d2be122603801677587f70afa0664"
432 verbose lastModified Thu, 20 Aug 2020 12:32:02 GMT
433 http request GET https://registry.npmjs.org/@vaadin%2fvaadin-form-layout
434 verbose request uri https://registry.npmjs.org/@vaadin%2fvaadin-confirm-dialog
435 verbose request no auth needed
436 info attempt registry request try #1 at 8:30:05 PM
437 verbose etag W/"13eca0213970e06c37211fedb0f4a294"
438 verbose lastModified Mon, 04 Jan 2021 14:51:50 GMT
439 http request GET https://registry.npmjs.org/@vaadin%2fvaadin-confirm-dialog
440 verbose request uri https://registry.npmjs.org/@vaadin%2fvaadin-accordion
441 verbose request no auth needed
442 info attempt registry request try #1 at 8:30:05 PM
443 verbose etag W/"b721d6f661ca8793ab459781c86d1450"
444 verbose lastModified Thu, 20 Aug 2020 11:26:14 GMT
445 http request GET https://registry.npmjs.org/@vaadin%2fvaadin-accordion
446 verbose request uri https://registry.npmjs.org/@polymer%2firon-list
447 verbose request no auth needed
448 info attempt registry request try #1 at 8:30:05 PM
449 verbose etag W/"59de05fc1b665f17ba41fd65fc4b8d19"
450 verbose lastModified Fri, 01 Nov 2019 00:16:35 GMT
451 http request GET https://registry.npmjs.org/@polymer%2firon-list
452 verbose request uri https://registry.npmjs.org/@vaadin%2fvaadin-list-box
453 verbose request no auth needed
454 info attempt registry request try #1 at 8:30:05 PM
455 verbose etag W/"f1cbbe2fd8ea84cfd1777af48ed8e759"
456 verbose lastModified Fri, 11 Dec 2020 07:05:31 GMT
457 http request GET https://registry.npmjs.org/@vaadin%2fvaadin-list-box
458 verbose request uri https://registry.npmjs.org/@vaadin%2fvaadin-details
459 verbose request no auth needed
460 info attempt registry request try #1 at 8:30:05 PM
461 verbose etag W/"c1ca18ec9c5bf4dd4db657e0c762f7af"
462 verbose lastModified Thu, 20 Aug 2020 11:05:10 GMT
463 http request GET https://registry.npmjs.org/@vaadin%2fvaadin-details
464 verbose request uri https://registry.npmjs.org/@vaadin%2fvaadin-checkbox
465 verbose request no auth needed
466 info attempt registry request try #1 at 8:30:05 PM
467 verbose etag W/"b012998dcbcf510df4a395d84ee0cd6c"
468 verbose lastModified Mon, 07 Dec 2020 11:09:29 GMT
469 http request GET https://registry.npmjs.org/@vaadin%2fvaadin-checkbox
470 verbose request uri https://registry.npmjs.org/@polymer%2firon-icon
471 verbose request no auth needed
472 info attempt registry request try #1 at 8:30:05 PM
473 verbose etag W/"435327f6d45921576a03dec27ceba5c1"
474 verbose lastModified Thu, 08 Aug 2019 18:31:41 GMT
475 http request GET https://registry.npmjs.org/@polymer%2firon-icon
476 verbose request uri https://registry.npmjs.org/@vaadin%2fvaadin-time-picker
477 verbose request no auth needed
478 info attempt registry request try #1 at 8:30:05 PM
479 verbose etag W/"8bc2cc111c90e43eb9d8aa2932239a47"
480 verbose lastModified Fri, 11 Dec 2020 07:15:18 GMT
481 http request GET https://registry.npmjs.org/@vaadin%2fvaadin-time-picker
482 verbose request uri https://registry.npmjs.org/@vaadin%2fvaadin-context-menu
483 verbose request no auth needed
484 info attempt registry request try #1 at 8:30:05 PM
485 verbose etag W/"413992d2c051356a959505e4e3a4ec80"
486 verbose lastModified Fri, 11 Dec 2020 07:35:35 GMT
487 http request GET https://registry.npmjs.org/@vaadin%2fvaadin-context-menu
488 verbose request uri https://registry.npmjs.org/@vaadin%2fvaadin-tabs
489 verbose request no auth needed
490 info attempt registry request try #1 at 8:30:05 PM
491 verbose etag W/"0fc05f831ed8dc463269eb32b3edb68f"
492 verbose lastModified Fri, 11 Dec 2020 08:16:11 GMT
493 http request GET https://registry.npmjs.org/@vaadin%2fvaadin-tabs
494 verbose request uri https://registry.npmjs.org/@vaadin%2fvaadin-radio-button
495 verbose request no auth needed
496 info attempt registry request try #1 at 8:30:05 PM
497 verbose etag W/"fbd75137acf2b11a5cffea5b0b01d3bd"
498 verbose lastModified Thu, 10 Sep 2020 10:47:42 GMT
499 http request GET https://registry.npmjs.org/@vaadin%2fvaadin-radio-button
500 verbose request uri https://registry.npmjs.org/@vaadin%2fvaadin-lumo-styles
501 verbose request no auth needed
502 info attempt registry request try #1 at 8:30:05 PM
503 verbose etag W/"ca06875735e3e92e1b04391b44870a40"
504 verbose lastModified Mon, 09 Nov 2020 09:31:16 GMT
505 http request GET https://registry.npmjs.org/@vaadin%2fvaadin-lumo-styles
506 verbose request uri https://registry.npmjs.org/@vaadin%2fvaadin-material-styles
507 verbose request no auth needed
508 info attempt registry request try #1 at 8:30:05 PM
509 verbose etag W/"2609b07cba4a57a22361ab3d73e8a742"
510 verbose lastModified Mon, 09 Nov 2020 13:05:39 GMT
511 http request GET https://registry.npmjs.org/@vaadin%2fvaadin-material-styles
512 http 304 https://registry.npmjs.org/@webcomponents%2fwebcomponentsjs
513 verbose headers { date: 'Mon, 04 Jan 2021 18:30:05 GMT',
513 verbose headers   connection: 'keep-alive',
513 verbose headers   'set-cookie':
513 verbose headers    [ '__cfduid=d93ae52d54ab0aef497ae249524e915741609785005; expires=Wed, 03-Feb-21 18:30:05 GMT; path=/; domain=.npmjs.org; HttpOnly; SameSite=Lax' ],
513 verbose headers   'cf-ray': '60c7075e7b7938d0-ATH',
513 verbose headers   age: '671',
513 verbose headers   'cache-control': 'public, max-age=300',
513 verbose headers   etag: '"25b51f2b994f7c4774c6bb02700b6d8f"',
513 verbose headers   'last-modified': 'Wed, 21 Oct 2020 22:20:28 GMT',
513 verbose headers   vary: 'Accept-Encoding',
513 verbose headers   'cf-cache-status': 'HIT',
513 verbose headers   'cf-request-id': '077042ef06000038d023aa7000000001',
513 verbose headers   'expect-ct': 'max-age=604800, report-uri="https://report-uri.cloudflare.com/cdn-cgi/beacon/expect-ct"',
513 verbose headers   server: 'cloudflare' }
514 silly get cb [ 304,
514 silly get   { date: 'Mon, 04 Jan 2021 18:30:05 GMT',
514 silly get     connection: 'keep-alive',
514 silly get     'set-cookie':
514 silly get      [ '__cfduid=d93ae52d54ab0aef497ae249524e915741609785005; expires=Wed, 03-Feb-21 18:30:05 GMT; path=/; domain=.npmjs.org; HttpOnly; SameSite=Lax' ],
514 silly get     'cf-ray': '60c7075e7b7938d0-ATH',
514 silly get     age: '671',
514 silly get     'cache-control': 'public, max-age=300',
514 silly get     etag: '"25b51f2b994f7c4774c6bb02700b6d8f"',
514 silly get     'last-modified': 'Wed, 21 Oct 2020 22:20:28 GMT',
514 silly get     vary: 'Accept-Encoding',
514 silly get     'cf-cache-status': 'HIT',
514 silly get     'cf-request-id': '077042ef06000038d023aa7000000001',
514 silly get     'expect-ct': 'max-age=604800, report-uri="https://report-uri.cloudflare.com/cdn-cgi/beacon/expect-ct"',
514 silly get     server: 'cloudflare' } ]
515 verbose etag https://registry.npmjs.org/@webcomponents%2fwebcomponentsjs from cache
516 verbose get saving @webcomponents/webcomponentsjs to /home/vivian/.npm/registry.npmjs.org/_40webcomponents_252fwebcomponentsjs/.cache.json
517 silly resolveWithNewModule @webcomponents/webcomponentsjs@2.5.0 checking installable status
518 silly cache add args [ '@webcomponents/webcomponentsjs@^2.2.10', null ]
519 verbose cache add spec @webcomponents/webcomponentsjs@^2.2.10
520 silly cache add parsed spec Result {
520 silly cache add   raw: '@webcomponents/webcomponentsjs@^2.2.10',
520 silly cache add   scope: '@webcomponents',
520 silly cache add   name: '@webcomponents/webcomponentsjs',
520 silly cache add   rawSpec: '^2.2.10',
520 silly cache add   spec: '>=2.2.10 <3.0.0',
520 silly cache add   type: 'range' }
521 silly addNamed @webcomponents/webcomponentsjs@>=2.2.10 <3.0.0
522 verbose addNamed ">=2.2.10 <3.0.0" is a valid semver range for @webcomponents/webcomponentsjs
523 silly addNameRange { name: '@webcomponents/webcomponentsjs',
523 silly addNameRange   range: '>=2.2.10 <3.0.0',
523 silly addNameRange   hasData: false }
524 silly mapToRegistry name @webcomponents/webcomponentsjs
525 silly mapToRegistry scope (from package name) @webcomponents
526 verbose mapToRegistry no registry URL found in name for scope @webcomponents
527 silly mapToRegistry using default registry
528 silly mapToRegistry registry https://registry.npmjs.org/
529 silly mapToRegistry uri https://registry.npmjs.org/@webcomponents%2fwebcomponentsjs
530 verbose addNameRange registry:https://registry.npmjs.org/@webcomponents%2fwebcomponentsjs not in flight; fetching
531 verbose get https://registry.npmjs.org/@webcomponents%2fwebcomponentsjs not expired, no request
532 silly addNameRange number 2 { name: '@webcomponents/webcomponentsjs',
532 silly addNameRange   range: '>=2.2.10 <3.0.0',
532 silly addNameRange   hasData: true }
533 silly addNameRange versions [ '@webcomponents/webcomponentsjs',
533 silly addNameRange   [ '1.0.0-rc.12',
533 silly addNameRange     '1.0.0',
533 silly addNameRange     '1.0.1',
533 silly addNameRange     '1.0.2',
533 silly addNameRange     '1.0.3',
533 silly addNameRange     '1.0.5',
533 silly addNameRange     '1.0.6',
533 silly addNameRange     '1.0.7',
533 silly addNameRange     '1.0.8',
533 silly addNameRange     '1.0.9',
533 silly addNameRange     '1.0.10',
533 silly addNameRange     '1.0.11',
533 silly addNameRange     '1.0.12',
533 silly addNameRange     '1.0.13',
533 silly addNameRange     '1.0.14',
533 silly addNameRange     '1.0.15',
533 silly addNameRange     '1.0.16',
533 silly addNameRange     '1.0.17',
533 silly addNameRange     '1.0.18',
533 silly addNameRange     '1.0.19',
533 silly addNameRange     '1.0.20',
533 silly addNameRange     '1.0.21',
533 silly addNameRange     '1.0.22',
533 silly addNameRange     '1.1.0',
533 silly addNameRange     '1.1.1',
533 silly addNameRange     '1.2.0',
533 silly addNameRange     '2.0.0-0',
533 silly addNameRange     '2.0.0-beta.2',
533 silly addNameRange     '2.0.0-beta.3',
533 silly addNameRange     '2.0.0',
533 silly addNameRange     '1.2.2',
533 silly addNameRange     '2.0.1',
533 silly addNameRange     '2.0.2',
533 silly addNameRange     '1.2.3',
533 silly addNameRange     '2.0.3',
533 silly addNameRange     '1.2.4',
533 silly addNameRange     '2.0.4',
533 silly addNameRange     '2.1.0',
533 silly addNameRange     '1.2.5',
533 silly addNameRange     '1.2.6',
533 silly addNameRange     '2.1.1',
533 silly addNameRange     '2.1.2',
533 silly addNameRange     '2.1.3',
533 silly addNameRange     '1.2.7',
533 silly addNameRange     '2.2.0',
533 silly addNameRange     '1.3.0',
533 silly addNameRange     '2.2.1',
533 silly addNameRange     '2.2.2',
533 silly addNameRange     '2.2.3',
533 silly addNameRange     '2.2.4',
533 silly addNameRange     '2.2.5',
533 silly addNameRange     '2.2.6',
533 silly addNameRange     '1.3.1',
533 silly addNameRange     '1.3.2',
533 silly addNameRange     '2.2.7',
533 silly addNameRange     '1.3.3',
533 silly addNameRange     '2.2.8',
533 silly addNameRange     '2.2.9',
533 silly addNameRange     '2.2.10',
533 silly addNameRange     '2.3.0',
533 silly addNameRange     '2.4.0',
533 silly addNameRange     '2.4.1',
533 silly addNameRange     '2.4.2',
533 silly addNameRange     '2.4.3',
533 silly addNameRange     '2.4.4',
533 silly addNameRange     '2.5.0' ] ]
534 silly addNamed @webcomponents/webcomponentsjs@2.5.0
535 verbose addNamed "2.5.0" is a plain semver version for @webcomponents/webcomponentsjs
536 silly cache afterAdd @webcomponents/webcomponentsjs@2.5.0
537 verbose afterAdd /home/vivian/.npm/@webcomponents/webcomponentsjs/2.5.0/package/package.json not in flight; writing
538 verbose afterAdd /home/vivian/.npm/@webcomponents/webcomponentsjs/2.5.0/package/package.json written
539 http 304 https://registry.npmjs.org/@vaadin%2fvaadin-combo-box
540 verbose headers { date: 'Mon, 04 Jan 2021 18:30:06 GMT',
540 verbose headers   connection: 'keep-alive',
540 verbose headers   'set-cookie':
540 verbose headers    [ '__cfduid=d786b3b080bebbb4b3ce4fffee1d0ebf11609785005; expires=Wed, 03-Feb-21 18:30:05 GMT; path=/; domain=.npmjs.org; HttpOnly; SameSite=Lax' ],
540 verbose headers   'cf-ray': '60c7075e8cd99e3d-ATH',
540 verbose headers   'cache-control': 'public, max-age=300',
540 verbose headers   etag: '"1fc2489a534ad8fbba07c25b7c3a02bd"',
540 verbose headers   'last-modified': 'Thu, 10 Dec 2020 14:46:06 GMT',
540 verbose headers   vary: 'Accept-Encoding',
540 verbose headers   'cf-cache-status': 'HIT',
540 verbose headers   'cf-request-id': '077042ef1400009e3d5a089000000001',
540 verbose headers   'expect-ct': 'max-age=604800, report-uri="https://report-uri.cloudflare.com/cdn-cgi/beacon/expect-ct"',
540 verbose headers   server: 'cloudflare' }
541 silly get cb [ 304,
541 silly get   { date: 'Mon, 04 Jan 2021 18:30:06 GMT',
541 silly get     connection: 'keep-alive',
541 silly get     'set-cookie':
541 silly get      [ '__cfduid=d786b3b080bebbb4b3ce4fffee1d0ebf11609785005; expires=Wed, 03-Feb-21 18:30:05 GMT; path=/; domain=.npmjs.org; HttpOnly; SameSite=Lax' ],
541 silly get     'cf-ray': '60c7075e8cd99e3d-ATH',
541 silly get     'cache-control': 'public, max-age=300',
541 silly get     etag: '"1fc2489a534ad8fbba07c25b7c3a02bd"',
541 silly get     'last-modified': 'Thu, 10 Dec 2020 14:46:06 GMT',
541 silly get     vary: 'Accept-Encoding',
541 silly get     'cf-cache-status': 'HIT',
541 silly get     'cf-request-id': '077042ef1400009e3d5a089000000001',
541 silly get     'expect-ct': 'max-age=604800, report-uri="https://report-uri.cloudflare.com/cdn-cgi/beacon/expect-ct"',
541 silly get     server: 'cloudflare' } ]
542 verbose etag https://registry.npmjs.org/@vaadin%2fvaadin-combo-box from cache
543 verbose get saving @vaadin/vaadin-combo-box to /home/vivian/.npm/registry.npmjs.org/_40vaadin_252fvaadin-combo-box/.cache.json
544 http 304 https://registry.npmjs.org/@vaadin%2fvaadin-text-field
545 verbose headers { date: 'Mon, 04 Jan 2021 18:30:06 GMT',
545 verbose headers   connection: 'keep-alive',
545 verbose headers   'set-cookie':
545 verbose headers    [ '__cfduid=d4daf70aa54e3b455c58f087889014cd71609785005; expires=Wed, 03-Feb-21 18:30:05 GMT; path=/; domain=.npmjs.org; HttpOnly; SameSite=Lax' ],
545 verbose headers   'cf-ray': '60c7075e9f119ea3-ATH',
545 verbose headers   'cache-control': 'public, max-age=300',
545 verbose headers   etag: '"9b1436bd6466797abc231179452b9295"',
545 verbose headers   'last-modified': 'Mon, 07 Dec 2020 09:30:20 GMT',
545 verbose headers   vary: 'Accept-Encoding',
545 verbose headers   'cf-cache-status': 'HIT',
545 verbose headers   'cf-request-id': '077042ef2000009ea39f298000000001',
545 verbose headers   'expect-ct': 'max-age=604800, report-uri="https://report-uri.cloudflare.com/cdn-cgi/beacon/expect-ct"',
545 verbose headers   server: 'cloudflare' }
546 silly get cb [ 304,
546 silly get   { date: 'Mon, 04 Jan 2021 18:30:06 GMT',
546 silly get     connection: 'keep-alive',
546 silly get     'set-cookie':
546 silly get      [ '__cfduid=d4daf70aa54e3b455c58f087889014cd71609785005; expires=Wed, 03-Feb-21 18:30:05 GMT; path=/; domain=.npmjs.org; HttpOnly; SameSite=Lax' ],
546 silly get     'cf-ray': '60c7075e9f119ea3-ATH',
546 silly get     'cache-control': 'public, max-age=300',
546 silly get     etag: '"9b1436bd6466797abc231179452b9295"',
546 silly get     'last-modified': 'Mon, 07 Dec 2020 09:30:20 GMT',
546 silly get     vary: 'Accept-Encoding',
546 silly get     'cf-cache-status': 'HIT',
546 silly get     'cf-request-id': '077042ef2000009ea39f298000000001',
546 silly get     'expect-ct': 'max-age=604800, report-uri="https://report-uri.cloudflare.com/cdn-cgi/beacon/expect-ct"',
546 silly get     server: 'cloudflare' } ]
547 verbose etag https://registry.npmjs.org/@vaadin%2fvaadin-text-field from cache
548 verbose get saving @vaadin/vaadin-text-field to /home/vivian/.npm/registry.npmjs.org/_40vaadin_252fvaadin-text-field/.cache.json
549 silly resolveWithNewModule @vaadin/vaadin-combo-box@5.4.6 checking installable status
550 silly cache add args [ '@vaadin/vaadin-combo-box@5.4.6', null ]
551 verbose cache add spec @vaadin/vaadin-combo-box@5.4.6
552 silly cache add parsed spec Result {
552 silly cache add   raw: '@vaadin/vaadin-combo-box@5.4.6',
552 silly cache add   scope: '@vaadin',
552 silly cache add   name: '@vaadin/vaadin-combo-box',
552 silly cache add   rawSpec: '5.4.6',
552 silly cache add   spec: '5.4.6',
552 silly cache add   type: 'version' }
553 silly addNamed @vaadin/vaadin-combo-box@5.4.6
554 verbose addNamed "5.4.6" is a plain semver version for @vaadin/vaadin-combo-box
555 silly mapToRegistry name @vaadin/vaadin-combo-box
556 silly mapToRegistry scope (from package name) @vaadin
557 verbose mapToRegistry no registry URL found in name for scope @vaadin
558 silly mapToRegistry using default registry
559 silly mapToRegistry registry https://registry.npmjs.org/
560 silly mapToRegistry uri https://registry.npmjs.org/@vaadin%2fvaadin-combo-box
561 verbose addNameVersion registry:https://registry.npmjs.org/@vaadin%2fvaadin-combo-box not in flight; fetching
562 http 304 https://registry.npmjs.org/@vaadin%2fvaadin-grid
563 verbose headers { date: 'Mon, 04 Jan 2021 18:30:06 GMT',
563 verbose headers   connection: 'keep-alive',
563 verbose headers   'set-cookie':
563 verbose headers    [ '__cfduid=da1ab5a2c1137735d2f84e444a5f4393b1609785005; expires=Wed, 03-Feb-21 18:30:05 GMT; path=/; domain=.npmjs.org; HttpOnly; SameSite=Lax' ],
563 verbose headers   'cf-ray': '60c7075e7bd538cd-ATH',
563 verbose headers   'cache-control': 'public, max-age=300',
563 verbose headers   etag: '"dfa328f047c50932072d39b0afc19ca7"',
563 verbose headers   'last-modified': 'Mon, 07 Dec 2020 11:34:56 GMT',
563 verbose headers   vary: 'Accept-Encoding',
563 verbose headers   'cf-cache-status': 'HIT',
563 verbose headers   'cf-request-id': '077042ef0c000038cdb9bc0000000001',
563 verbose headers   'expect-ct': 'max-age=604800, report-uri="https://report-uri.cloudflare.com/cdn-cgi/beacon/expect-ct"',
563 verbose headers   server: 'cloudflare' }
564 silly get cb [ 304,
564 silly get   { date: 'Mon, 04 Jan 2021 18:30:06 GMT',
564 silly get     connection: 'keep-alive',
564 silly get     'set-cookie':
564 silly get      [ '__cfduid=da1ab5a2c1137735d2f84e444a5f4393b1609785005; expires=Wed, 03-Feb-21 18:30:05 GMT; path=/; domain=.npmjs.org; HttpOnly; SameSite=Lax' ],
564 silly get     'cf-ray': '60c7075e7bd538cd-ATH',
564 silly get     'cache-control': 'public, max-age=300',
564 silly get     etag: '"dfa328f047c50932072d39b0afc19ca7"',
564 silly get     'last-modified': 'Mon, 07 Dec 2020 11:34:56 GMT',
564 silly get     vary: 'Accept-Encoding',
564 silly get     'cf-cache-status': 'HIT',
564 silly get     'cf-request-id': '077042ef0c000038cdb9bc0000000001',
564 silly get     'expect-ct': 'max-age=604800, report-uri="https://report-uri.cloudflare.com/cdn-cgi/beacon/expect-ct"',
564 silly get     server: 'cloudflare' } ]
565 verbose etag https://registry.npmjs.org/@vaadin%2fvaadin-grid from cache
566 verbose get saving @vaadin/vaadin-grid to /home/vivian/.npm/registry.npmjs.org/_40vaadin_252fvaadin-grid/.cache.json
567 silly resolveWithNewModule @vaadin/vaadin-text-field@2.8.2 checking installable status
568 silly cache add args [ '@vaadin/vaadin-text-field@2.8.2', null ]
569 verbose cache add spec @vaadin/vaadin-text-field@2.8.2
570 silly cache add parsed spec Result {
570 silly cache add   raw: '@vaadin/vaadin-text-field@2.8.2',
570 silly cache add   scope: '@vaadin',
570 silly cache add   name: '@vaadin/vaadin-text-field',
570 silly cache add   rawSpec: '2.8.2',
570 silly cache add   spec: '2.8.2',
570 silly cache add   type: 'version' }
571 silly addNamed @vaadin/vaadin-text-field@2.8.2
572 verbose addNamed "2.8.2" is a plain semver version for @vaadin/vaadin-text-field
573 silly mapToRegistry name @vaadin/vaadin-text-field
574 silly mapToRegistry scope (from package name) @vaadin
575 verbose mapToRegistry no registry URL found in name for scope @vaadin
576 silly mapToRegistry using default registry
577 silly mapToRegistry registry https://registry.npmjs.org/
578 silly mapToRegistry uri https://registry.npmjs.org/@vaadin%2fvaadin-text-field
579 verbose addNameVersion registry:https://registry.npmjs.org/@vaadin%2fvaadin-text-field not in flight; fetching
580 verbose get https://registry.npmjs.org/@vaadin%2fvaadin-combo-box not expired, no request
581 http 304 https://registry.npmjs.org/@polymer%2fpolymer
582 verbose headers { date: 'Mon, 04 Jan 2021 18:30:06 GMT',
582 verbose headers   connection: 'keep-alive',
582 verbose headers   'set-cookie':
582 verbose headers    [ '__cfduid=d4198027f682e64224eb7a5ab51c8bf041609785005; expires=Wed, 03-Feb-21 18:30:05 GMT; path=/; domain=.npmjs.org; HttpOnly; SameSite=Lax' ],
582 verbose headers   'cf-ray': '60c7075e7e999def-ATH',
582 verbose headers   'cache-control': 'public, max-age=300',
582 verbose headers   etag: '"573e0645ac9261edcfa77cda76037721"',
582 verbose headers   'last-modified': 'Thu, 30 Apr 2020 18:11:43 GMT',
582 verbose headers   vary: 'Accept-Encoding',
582 verbose headers   'cf-cache-status': 'HIT',
582 verbose headers   'cf-request-id': '077042ef0f00009def8d095000000001',
582 verbose headers   'expect-ct': 'max-age=604800, report-uri="https://report-uri.cloudflare.com/cdn-cgi/beacon/expect-ct"',
582 verbose headers   server: 'cloudflare' }
583 silly get cb [ 304,
583 silly get   { date: 'Mon, 04 Jan 2021 18:30:06 GMT',
583 silly get     connection: 'keep-alive',
583 silly get     'set-cookie':
583 silly get      [ '__cfduid=d4198027f682e64224eb7a5ab51c8bf041609785005; expires=Wed, 03-Feb-21 18:30:05 GMT; path=/; domain=.npmjs.org; HttpOnly; SameSite=Lax' ],
583 silly get     'cf-ray': '60c7075e7e999def-ATH',
583 silly get     'cache-control': 'public, max-age=300',
583 silly get     etag: '"573e0645ac9261edcfa77cda76037721"',
583 silly get     'last-modified': 'Thu, 30 Apr 2020 18:11:43 GMT',
583 silly get     vary: 'Accept-Encoding',
583 silly get     'cf-cache-status': 'HIT',
583 silly get     'cf-request-id': '077042ef0f00009def8d095000000001',
583 silly get     'expect-ct': 'max-age=604800, report-uri="https://report-uri.cloudflare.com/cdn-cgi/beacon/expect-ct"',
583 silly get     server: 'cloudflare' } ]
584 verbose etag https://registry.npmjs.org/@polymer%2fpolymer from cache
585 verbose get saving @polymer/polymer to /home/vivian/.npm/registry.npmjs.org/_40polymer_252fpolymer/.cache.json
586 http 304 https://registry.npmjs.org/@polymer%2firon-icon
587 verbose headers { date: 'Mon, 04 Jan 2021 18:30:06 GMT',
587 verbose headers   connection: 'keep-alive',
587 verbose headers   'set-cookie':
587 verbose headers    [ '__cfduid=d38732530ea7549cdb4ec9da1f174afeb1609785005; expires=Wed, 03-Feb-21 18:30:05 GMT; path=/; domain=.npmjs.org; HttpOnly; SameSite=Lax' ],
587 verbose headers   'cf-ray': '60c7075ebcfd38d4-ATH',
587 verbose headers   'cache-control': 'public, max-age=300',
587 verbose headers   etag: '"435327f6d45921576a03dec27ceba5c1"',
587 verbose headers   'last-modified': 'Thu, 08 Aug 2019 18:31:41 GMT',
587 verbose headers   vary: 'Accept-Encoding',
587 verbose headers   'cf-cache-status': 'HIT',
587 verbose headers   'cf-request-id': '077042ef30000038d4fc2dd000000001',
587 verbose headers   'expect-ct': 'max-age=604800, report-uri="https://report-uri.cloudflare.com/cdn-cgi/beacon/expect-ct"',
587 verbose headers   server: 'cloudflare' }
588 silly get cb [ 304,
588 silly get   { date: 'Mon, 04 Jan 2021 18:30:06 GMT',
588 silly get     connection: 'keep-alive',
588 silly get     'set-cookie':
588 silly get      [ '__cfduid=d38732530ea7549cdb4ec9da1f174afeb1609785005; expires=Wed, 03-Feb-21 18:30:05 GMT; path=/; domain=.npmjs.org; HttpOnly; SameSite=Lax' ],
588 silly get     'cf-ray': '60c7075ebcfd38d4-ATH',
588 silly get     'cache-control': 'public, max-age=300',
588 silly get     etag: '"435327f6d45921576a03dec27ceba5c1"',
588 silly get     'last-modified': 'Thu, 08 Aug 2019 18:31:41 GMT',
588 silly get     vary: 'Accept-Encoding',
588 silly get     'cf-cache-status': 'HIT',
588 silly get     'cf-request-id': '077042ef30000038d4fc2dd000000001',
588 silly get     'expect-ct': 'max-age=604800, report-uri="https://report-uri.cloudflare.com/cdn-cgi/beacon/expect-ct"',
588 silly get     server: 'cloudflare' } ]
589 verbose etag https://registry.npmjs.org/@polymer%2firon-icon from cache
590 verbose get saving @polymer/iron-icon to /home/vivian/.npm/registry.npmjs.org/_40polymer_252firon-icon/.cache.json
591 http 304 https://registry.npmjs.org/@vaadin%2fvaadin-item
592 verbose headers { date: 'Mon, 04 Jan 2021 18:30:06 GMT',
592 verbose headers   connection: 'keep-alive',
592 verbose headers   'set-cookie':
592 verbose headers    [ '__cfduid=dc739666e74178b17a5845494f12a18a61609785005; expires=Wed, 03-Feb-21 18:30:05 GMT; path=/; domain=.npmjs.org; HttpOnly; SameSite=Lax' ],
592 verbose headers   'cf-ray': '60c7075e8ade38dd-ATH',
592 verbose headers   'cache-control': 'public, max-age=300',
592 verbose headers   etag: '"b167408f0a4ebe6b362c13cf3243c0e8"',
592 verbose headers   'last-modified': 'Mon, 07 Dec 2020 09:18:57 GMT',
592 verbose headers   vary: 'Accept-Encoding',
592 verbose headers   'cf-cache-status': 'HIT',
592 verbose headers   'cf-request-id': '077042ef19000038dd8b936000000001',
592 verbose headers   'expect-ct': 'max-age=604800, report-uri="https://report-uri.cloudflare.com/cdn-cgi/beacon/expect-ct"',
592 verbose headers   server: 'cloudflare' }
593 silly get cb [ 304,
593 silly get   { date: 'Mon, 04 Jan 2021 18:30:06 GMT',
593 silly get     connection: 'keep-alive',
593 silly get     'set-cookie':
593 silly get      [ '__cfduid=dc739666e74178b17a5845494f12a18a61609785005; expires=Wed, 03-Feb-21 18:30:05 GMT; path=/; domain=.npmjs.org; HttpOnly; SameSite=Lax' ],
593 silly get     'cf-ray': '60c7075e8ade38dd-ATH',
593 silly get     'cache-control': 'public, max-age=300',
593 silly get     etag: '"b167408f0a4ebe6b362c13cf3243c0e8"',
593 silly get     'last-modified': 'Mon, 07 Dec 2020 09:18:57 GMT',
593 silly get     vary: 'Accept-Encoding',
593 silly get     'cf-cache-status': 'HIT',
593 silly get     'cf-request-id': '077042ef19000038dd8b936000000001',
593 silly get     'expect-ct': 'max-age=604800, report-uri="https://report-uri.cloudflare.com/cdn-cgi/beacon/expect-ct"',
593 silly get     server: 'cloudflare' } ]
594 verbose etag https://registry.npmjs.org/@vaadin%2fvaadin-item from cache
595 verbose get saving @vaadin/vaadin-item to /home/vivian/.npm/registry.npmjs.org/_40vaadin_252fvaadin-item/.cache.json
596 http 304 https://registry.npmjs.org/@vaadin%2fvaadin-notification
597 verbose headers { date: 'Mon, 04 Jan 2021 18:30:06 GMT',
597 verbose headers   connection: 'keep-alive',
597 verbose headers   'set-cookie':
597 verbose headers    [ '__cfduid=da1ab5a2c1137735d2f84e444a5f4393b1609785005; expires=Wed, 03-Feb-21 18:30:05 GMT; path=/; domain=.npmjs.org; HttpOnly; SameSite=Lax' ],
597 verbose headers   'cf-ray': '60c7075e9c3438cd-ATH',
597 verbose headers   'cache-control': 'public, max-age=300',
597 verbose headers   etag: '"02341aa01abf64ee359dc9f2390c29fa"',
597 verbose headers   'last-modified': 'Thu, 20 Aug 2020 12:00:46 GMT',
597 verbose headers   vary: 'Accept-Encoding',
597 verbose headers   'cf-cache-status': 'HIT',
597 verbose headers   'cf-request-id': '077042ef1b000038cdd2803000000001',
597 verbose headers   'expect-ct': 'max-age=604800, report-uri="https://report-uri.cloudflare.com/cdn-cgi/beacon/expect-ct"',
597 verbose headers   server: 'cloudflare' }
598 silly get cb [ 304,
598 silly get   { date: 'Mon, 04 Jan 2021 18:30:06 GMT',
598 silly get     connection: 'keep-alive',
598 silly get     'set-cookie':
598 silly get      [ '__cfduid=da1ab5a2c1137735d2f84e444a5f4393b1609785005; expires=Wed, 03-Feb-21 18:30:05 GMT; path=/; domain=.npmjs.org; HttpOnly; SameSite=Lax' ],
598 silly get     'cf-ray': '60c7075e9c3438cd-ATH',
598 silly get     'cache-control': 'public, max-age=300',
598 silly get     etag: '"02341aa01abf64ee359dc9f2390c29fa"',
598 silly get     'last-modified': 'Thu, 20 Aug 2020 12:00:46 GMT',
598 silly get     vary: 'Accept-Encoding',
598 silly get     'cf-cache-status': 'HIT',
598 silly get     'cf-request-id': '077042ef1b000038cdd2803000000001',
598 silly get     'expect-ct': 'max-age=604800, report-uri="https://report-uri.cloudflare.com/cdn-cgi/beacon/expect-ct"',
598 silly get     server: 'cloudflare' } ]
599 verbose etag https://registry.npmjs.org/@vaadin%2fvaadin-notification from cache
600 verbose get saving @vaadin/vaadin-notification to /home/vivian/.npm/registry.npmjs.org/_40vaadin_252fvaadin-notification/.cache.json
601 http 304 https://registry.npmjs.org/@vaadin%2fvaadin-date-picker
602 verbose headers { date: 'Mon, 04 Jan 2021 18:30:06 GMT',
602 verbose headers   connection: 'keep-alive',
602 verbose headers   'set-cookie':
602 verbose headers    [ '__cfduid=dc2bea01c653598edbe6021eef46d51241609785005; expires=Wed, 03-Feb-21 18:30:05 GMT; path=/; domain=.npmjs.org; HttpOnly; SameSite=Lax' ],
602 verbose headers   'cf-ray': '60c7075e9cac38d5-ATH',
602 verbose headers   'cache-control': 'public, max-age=300',
602 verbose headers   etag: '"76425d107987cad35f04b9505587c313"',
602 verbose headers   'last-modified': 'Mon, 07 Dec 2020 12:34:05 GMT',
602 verbose headers   vary: 'Accept-Encoding',
602 verbose headers   'cf-cache-status': 'HIT',
602 verbose headers   'cf-request-id': '077042ef22000038d528327000000001',
602 verbose headers   'expect-ct': 'max-age=604800, report-uri="https://report-uri.cloudflare.com/cdn-cgi/beacon/expect-ct"',
602 verbose headers   server: 'cloudflare' }
603 silly get cb [ 304,
603 silly get   { date: 'Mon, 04 Jan 2021 18:30:06 GMT',
603 silly get     connection: 'keep-alive',
603 silly get     'set-cookie':
603 silly get      [ '__cfduid=dc2bea01c653598edbe6021eef46d51241609785005; expires=Wed, 03-Feb-21 18:30:05 GMT; path=/; domain=.npmjs.org; HttpOnly; SameSite=Lax' ],
603 silly get     'cf-ray': '60c7075e9cac38d5-ATH',
603 silly get     'cache-control': 'public, max-age=300',
603 silly get     etag: '"76425d107987cad35f04b9505587c313"',
603 silly get     'last-modified': 'Mon, 07 Dec 2020 12:34:05 GMT',
603 silly get     vary: 'Accept-Encoding',
603 silly get     'cf-cache-status': 'HIT',
603 silly get     'cf-request-id': '077042ef22000038d528327000000001',
603 silly get     'expect-ct': 'max-age=604800, report-uri="https://report-uri.cloudflare.com/cdn-cgi/beacon/expect-ct"',
603 silly get     server: 'cloudflare' } ]
604 verbose etag https://registry.npmjs.org/@vaadin%2fvaadin-date-picker from cache
605 verbose get saving @vaadin/vaadin-date-picker to /home/vivian/.npm/registry.npmjs.org/_40vaadin_252fvaadin-date-picker/.cache.json
606 http 304 https://registry.npmjs.org/@vaadin%2fvaadin-material-styles
607 verbose headers { date: 'Mon, 04 Jan 2021 18:30:06 GMT',
607 verbose headers   connection: 'keep-alive',
607 verbose headers   'set-cookie':
607 verbose headers    [ '__cfduid=d2f8daab169458c2918b28b9cd494efbb1609785005; expires=Wed, 03-Feb-21 18:30:05 GMT; path=/; domain=.npmjs.org; HttpOnly; SameSite=Lax' ],
607 verbose headers   'cf-ray': '60c7075ecd2c38d2-ATH',
607 verbose headers   'cache-control': 'public, max-age=300',
607 verbose headers   etag: '"2609b07cba4a57a22361ab3d73e8a742"',
607 verbose headers   'last-modified': 'Mon, 09 Nov 2020 13:05:39 GMT',
607 verbose headers   vary: 'Accept-Encoding',
607 verbose headers   'cf-cache-status': 'HIT',
607 verbose headers   'cf-request-id': '077042ef39000038d2bbabe000000001',
607 verbose headers   'expect-ct': 'max-age=604800, report-uri="https://report-uri.cloudflare.com/cdn-cgi/beacon/expect-ct"',
607 verbose headers   server: 'cloudflare' }
608 silly get cb [ 304,
608 silly get   { date: 'Mon, 04 Jan 2021 18:30:06 GMT',
608 silly get     connection: 'keep-alive',
608 silly get     'set-cookie':
608 silly get      [ '__cfduid=d2f8daab169458c2918b28b9cd494efbb1609785005; expires=Wed, 03-Feb-21 18:30:05 GMT; path=/; domain=.npmjs.org; HttpOnly; SameSite=Lax' ],
608 silly get     'cf-ray': '60c7075ecd2c38d2-ATH',
608 silly get     'cache-control': 'public, max-age=300',
608 silly get     etag: '"2609b07cba4a57a22361ab3d73e8a742"',
608 silly get     'last-modified': 'Mon, 09 Nov 2020 13:05:39 GMT',
608 silly get     vary: 'Accept-Encoding',
608 silly get     'cf-cache-status': 'HIT',
608 silly get     'cf-request-id': '077042ef39000038d2bbabe000000001',
608 silly get     'expect-ct': 'max-age=604800, report-uri="https://report-uri.cloudflare.com/cdn-cgi/beacon/expect-ct"',
608 silly get     server: 'cloudflare' } ]
609 verbose etag https://registry.npmjs.org/@vaadin%2fvaadin-material-styles from cache
610 verbose get saving @vaadin/vaadin-material-styles to /home/vivian/.npm/registry.npmjs.org/_40vaadin_252fvaadin-material-styles/.cache.json
611 silly resolveWithNewModule @vaadin/vaadin-grid@5.7.7 checking installable status
612 silly cache add args [ '@vaadin/vaadin-grid@5.7.7', null ]
613 verbose cache add spec @vaadin/vaadin-grid@5.7.7
614 silly cache add parsed spec Result {
614 silly cache add   raw: '@vaadin/vaadin-grid@5.7.7',
614 silly cache add   scope: '@vaadin',
614 silly cache add   name: '@vaadin/vaadin-grid',
614 silly cache add   rawSpec: '5.7.7',
614 silly cache add   spec: '5.7.7',
614 silly cache add   type: 'version' }
615 silly addNamed @vaadin/vaadin-grid@5.7.7
616 verbose addNamed "5.7.7" is a plain semver version for @vaadin/vaadin-grid
617 silly mapToRegistry name @vaadin/vaadin-grid
618 silly mapToRegistry scope (from package name) @vaadin
619 verbose mapToRegistry no registry URL found in name for scope @vaadin
620 silly mapToRegistry using default registry
621 silly mapToRegistry registry https://registry.npmjs.org/
622 silly mapToRegistry uri https://registry.npmjs.org/@vaadin%2fvaadin-grid
623 verbose addNameVersion registry:https://registry.npmjs.org/@vaadin%2fvaadin-grid not in flight; fetching
624 verbose get https://registry.npmjs.org/@vaadin%2fvaadin-text-field not expired, no request
625 http 304 https://registry.npmjs.org/@vaadin%2fvaadin-dialog
626 verbose headers { date: 'Mon, 04 Jan 2021 18:30:06 GMT',
626 verbose headers   connection: 'keep-alive',
626 verbose headers   'set-cookie':
626 verbose headers    [ '__cfduid=dcabbdb783b6d6344827f0e4aae6c48621609785005; expires=Wed, 03-Feb-21 18:30:05 GMT; path=/; domain=.npmjs.org; HttpOnly; SameSite=Lax' ],
626 verbose headers   'cf-ray': '60c7075e796d38d6-ATH',
626 verbose headers   'cache-control': 'public, max-age=300',
626 verbose headers   etag: '"3cfa3a86ca68e01738ab33700868a8cb"',
626 verbose headers   'last-modified': 'Fri, 18 Sep 2020 07:28:14 GMT',
626 verbose headers   vary: 'Accept-Encoding',
626 verbose headers   'cf-cache-status': 'HIT',
626 verbose headers   'cf-request-id': '077042ef12000038d676a2d000000001',
626 verbose headers   'expect-ct': 'max-age=604800, report-uri="https://report-uri.cloudflare.com/cdn-cgi/beacon/expect-ct"',
626 verbose headers   server: 'cloudflare' }
627 silly get cb [ 304,
627 silly get   { date: 'Mon, 04 Jan 2021 18:30:06 GMT',
627 silly get     connection: 'keep-alive',
627 silly get     'set-cookie':
627 silly get      [ '__cfduid=dcabbdb783b6d6344827f0e4aae6c48621609785005; expires=Wed, 03-Feb-21 18:30:05 GMT; path=/; domain=.npmjs.org; HttpOnly; SameSite=Lax' ],
627 silly get     'cf-ray': '60c7075e796d38d6-ATH',
627 silly get     'cache-control': 'public, max-age=300',
627 silly get     etag: '"3cfa3a86ca68e01738ab33700868a8cb"',
627 silly get     'last-modified': 'Fri, 18 Sep 2020 07:28:14 GMT',
627 silly get     vary: 'Accept-Encoding',
627 silly get     'cf-cache-status': 'HIT',
627 silly get     'cf-request-id': '077042ef12000038d676a2d000000001',
627 silly get     'expect-ct': 'max-age=604800, report-uri="https://report-uri.cloudflare.com/cdn-cgi/beacon/expect-ct"',
627 silly get     server: 'cloudflare' } ]
628 verbose etag https://registry.npmjs.org/@vaadin%2fvaadin-dialog from cache
629 verbose get saving @vaadin/vaadin-dialog to /home/vivian/.npm/registry.npmjs.org/_40vaadin_252fvaadin-dialog/.cache.json
630 silly cache afterAdd @vaadin/vaadin-combo-box@5.4.6
631 verbose afterAdd /home/vivian/.npm/@vaadin/vaadin-combo-box/5.4.6/package/package.json not in flight; writing
632 silly resolveWithNewModule @polymer/iron-icon@3.0.1 checking installable status
633 silly cache add args [ '@polymer/iron-icon@3.0.1', null ]
634 verbose cache add spec @polymer/iron-icon@3.0.1
635 silly cache add parsed spec Result {
635 silly cache add   raw: '@polymer/iron-icon@3.0.1',
635 silly cache add   scope: '@polymer',
635 silly cache add   name: '@polymer/iron-icon',
635 silly cache add   rawSpec: '3.0.1',
635 silly cache add   spec: '3.0.1',
635 silly cache add   type: 'version' }
636 silly addNamed @polymer/iron-icon@3.0.1
637 verbose addNamed "3.0.1" is a plain semver version for @polymer/iron-icon
638 silly mapToRegistry name @polymer/iron-icon
639 silly mapToRegistry scope (from package name) @polymer
640 verbose mapToRegistry no registry URL found in name for scope @polymer
641 silly mapToRegistry using default registry
642 silly mapToRegistry registry https://registry.npmjs.org/
643 silly mapToRegistry uri https://registry.npmjs.org/@polymer%2firon-icon
644 verbose addNameVersion registry:https://registry.npmjs.org/@polymer%2firon-icon not in flight; fetching
645 verbose get https://registry.npmjs.org/@vaadin%2fvaadin-grid not expired, no request
646 silly resolveWithNewModule @polymer/polymer@3.2.0 checking installable status
647 silly cache add args [ '@polymer/polymer@3.2.0', null ]
648 verbose cache add spec @polymer/polymer@3.2.0
649 silly cache add parsed spec Result {
649 silly cache add   raw: '@polymer/polymer@3.2.0',
649 silly cache add   scope: '@polymer',
649 silly cache add   name: '@polymer/polymer',
649 silly cache add   rawSpec: '3.2.0',
649 silly cache add   spec: '3.2.0',
649 silly cache add   type: 'version' }
650 silly addNamed @polymer/polymer@3.2.0
651 verbose addNamed "3.2.0" is a plain semver version for @polymer/polymer
652 silly mapToRegistry name @polymer/polymer
653 silly mapToRegistry scope (from package name) @polymer
654 verbose mapToRegistry no registry URL found in name for scope @polymer
655 silly mapToRegistry using default registry
656 silly mapToRegistry registry https://registry.npmjs.org/
657 silly mapToRegistry uri https://registry.npmjs.org/@polymer%2fpolymer
658 verbose addNameVersion registry:https://registry.npmjs.org/@polymer%2fpolymer not in flight; fetching
659 silly cache afterAdd @vaadin/vaadin-text-field@2.8.2
660 verbose afterAdd /home/vivian/.npm/@vaadin/vaadin-text-field/2.8.2/package/package.json not in flight; writing
661 verbose afterAdd /home/vivian/.npm/@vaadin/vaadin-combo-box/5.4.6/package/package.json written
662 silly resolveWithNewModule @vaadin/vaadin-item@2.3.0 checking installable status
663 silly cache add args [ '@vaadin/vaadin-item@2.3.0', null ]
664 verbose cache add spec @vaadin/vaadin-item@2.3.0
665 silly cache add parsed spec Result {
665 silly cache add   raw: '@vaadin/vaadin-item@2.3.0',
665 silly cache add   scope: '@vaadin',
665 silly cache add   name: '@vaadin/vaadin-item',
665 silly cache add   rawSpec: '2.3.0',
665 silly cache add   spec: '2.3.0',
665 silly cache add   type: 'version' }
666 silly addNamed @vaadin/vaadin-item@2.3.0
667 verbose addNamed "2.3.0" is a plain semver version for @vaadin/vaadin-item
668 silly mapToRegistry name @vaadin/vaadin-item
669 silly mapToRegistry scope (from package name) @vaadin
670 verbose mapToRegistry no registry URL found in name for scope @vaadin
671 silly mapToRegistry using default registry
672 silly mapToRegistry registry https://registry.npmjs.org/
673 silly mapToRegistry uri https://registry.npmjs.org/@vaadin%2fvaadin-item
674 verbose addNameVersion registry:https://registry.npmjs.org/@vaadin%2fvaadin-item not in flight; fetching
675 silly resolveWithNewModule @vaadin/vaadin-notification@1.6.0 checking installable status
676 silly cache add args [ '@vaadin/vaadin-notification@1.6.0', null ]
677 verbose cache add spec @vaadin/vaadin-notification@1.6.0
678 silly cache add parsed spec Result {
678 silly cache add   raw: '@vaadin/vaadin-notification@1.6.0',
678 silly cache add   scope: '@vaadin',
678 silly cache add   name: '@vaadin/vaadin-notification',
678 silly cache add   rawSpec: '1.6.0',
678 silly cache add   spec: '1.6.0',
678 silly cache add   type: 'version' }
679 silly addNamed @vaadin/vaadin-notification@1.6.0
680 verbose addNamed "1.6.0" is a plain semver version for @vaadin/vaadin-notification
681 silly mapToRegistry name @vaadin/vaadin-notification
682 silly mapToRegistry scope (from package name) @vaadin
683 verbose mapToRegistry no registry URL found in name for scope @vaadin
684 silly mapToRegistry using default registry
685 silly mapToRegistry registry https://registry.npmjs.org/
686 silly mapToRegistry uri https://registry.npmjs.org/@vaadin%2fvaadin-notification
687 verbose addNameVersion registry:https://registry.npmjs.org/@vaadin%2fvaadin-notification not in flight; fetching
688 silly resolveWithNewModule @vaadin/vaadin-date-picker@4.4.1 checking installable status
689 silly cache add args [ '@vaadin/vaadin-date-picker@4.4.1', null ]
690 verbose cache add spec @vaadin/vaadin-date-picker@4.4.1
691 silly cache add parsed spec Result {
691 silly cache add   raw: '@vaadin/vaadin-date-picker@4.4.1',
691 silly cache add   scope: '@vaadin',
691 silly cache add   name: '@vaadin/vaadin-date-picker',
691 silly cache add   rawSpec: '4.4.1',
691 silly cache add   spec: '4.4.1',
691 silly cache add   type: 'version' }
692 silly addNamed @vaadin/vaadin-date-picker@4.4.1
693 verbose addNamed "4.4.1" is a plain semver version for @vaadin/vaadin-date-picker
694 silly mapToRegistry name @vaadin/vaadin-date-picker
695 silly mapToRegistry scope (from package name) @vaadin
696 verbose mapToRegistry no registry URL found in name for scope @vaadin
697 silly mapToRegistry using default registry
698 silly mapToRegistry registry https://registry.npmjs.org/
699 silly mapToRegistry uri https://registry.npmjs.org/@vaadin%2fvaadin-date-picker
700 verbose addNameVersion registry:https://registry.npmjs.org/@vaadin%2fvaadin-date-picker not in flight; fetching
701 silly resolveWithNewModule @vaadin/vaadin-material-styles@1.3.2 checking installable status
702 silly cache add args [ '@vaadin/vaadin-material-styles@1.3.2', null ]
703 verbose cache add spec @vaadin/vaadin-material-styles@1.3.2
704 silly cache add parsed spec Result {
704 silly cache add   raw: '@vaadin/vaadin-material-styles@1.3.2',
704 silly cache add   scope: '@vaadin',
704 silly cache add   name: '@vaadin/vaadin-material-styles',
704 silly cache add   rawSpec: '1.3.2',
704 silly cache add   spec: '1.3.2',
704 silly cache add   type: 'version' }
705 silly addNamed @vaadin/vaadin-material-styles@1.3.2
706 verbose addNamed "1.3.2" is a plain semver version for @vaadin/vaadin-material-styles
707 silly mapToRegistry name @vaadin/vaadin-material-styles
708 silly mapToRegistry scope (from package name) @vaadin
709 verbose mapToRegistry no registry URL found in name for scope @vaadin
710 silly mapToRegistry using default registry
711 silly mapToRegistry registry https://registry.npmjs.org/
712 silly mapToRegistry uri https://registry.npmjs.org/@vaadin%2fvaadin-material-styles
713 verbose addNameVersion registry:https://registry.npmjs.org/@vaadin%2fvaadin-material-styles not in flight; fetching
714 verbose get https://registry.npmjs.org/@polymer%2firon-icon not expired, no request
715 silly resolveWithNewModule @vaadin/vaadin-dialog@2.5.2 checking installable status
716 silly cache add args [ '@vaadin/vaadin-dialog@2.5.2', null ]
717 verbose cache add spec @vaadin/vaadin-dialog@2.5.2
718 silly cache add parsed spec Result {
718 silly cache add   raw: '@vaadin/vaadin-dialog@2.5.2',
718 silly cache add   scope: '@vaadin',
718 silly cache add   name: '@vaadin/vaadin-dialog',
718 silly cache add   rawSpec: '2.5.2',
718 silly cache add   spec: '2.5.2',
718 silly cache add   type: 'version' }
719 silly addNamed @vaadin/vaadin-dialog@2.5.2
720 verbose addNamed "2.5.2" is a plain semver version for @vaadin/vaadin-dialog
721 silly mapToRegistry name @vaadin/vaadin-dialog
722 silly mapToRegistry scope (from package name) @vaadin
723 verbose mapToRegistry no registry URL found in name for scope @vaadin
724 silly mapToRegistry using default registry
725 silly mapToRegistry registry https://registry.npmjs.org/
726 silly mapToRegistry uri https://registry.npmjs.org/@vaadin%2fvaadin-dialog
727 verbose addNameVersion registry:https://registry.npmjs.org/@vaadin%2fvaadin-dialog not in flight; fetching
728 verbose get https://registry.npmjs.org/@polymer%2fpolymer not expired, no request
729 verbose afterAdd /home/vivian/.npm/@vaadin/vaadin-text-field/2.8.2/package/package.json written
730 http 304 https://registry.npmjs.org/@vaadin%2fvaadin-lumo-styles
731 verbose headers { date: 'Mon, 04 Jan 2021 18:30:06 GMT',
731 verbose headers   connection: 'keep-alive',
731 verbose headers   'set-cookie':
731 verbose headers    [ '__cfduid=daf7b9a562e409573564b7a1e3cb77c6d1609785005; expires=Wed, 03-Feb-21 18:30:05 GMT; path=/; domain=.npmjs.org; HttpOnly; SameSite=Lax' ],
731 verbose headers   'cf-ray': '60c7075ecf2ffd62-ATH',
731 verbose headers   'cache-control': 'public, max-age=300',
731 verbose headers   etag: '"ca06875735e3e92e1b04391b44870a40"',
731 verbose headers   'last-modified': 'Mon, 09 Nov 2020 09:31:16 GMT',
731 verbose headers   vary: 'Accept-Encoding',
731 verbose headers   'cf-cache-status': 'HIT',
731 verbose headers   'cf-request-id': '077042ef490000fd62a806b000000001',
731 verbose headers   'expect-ct': 'max-age=604800, report-uri="https://report-uri.cloudflare.com/cdn-cgi/beacon/expect-ct"',
731 verbose headers   server: 'cloudflare' }
732 silly get cb [ 304,
732 silly get   { date: 'Mon, 04 Jan 2021 18:30:06 GMT',
732 silly get     connection: 'keep-alive',
732 silly get     'set-cookie':
732 silly get      [ '__cfduid=daf7b9a562e409573564b7a1e3cb77c6d1609785005; expires=Wed, 03-Feb-21 18:30:05 GMT; path=/; domain=.npmjs.org; HttpOnly; SameSite=Lax' ],
732 silly get     'cf-ray': '60c7075ecf2ffd62-ATH',
732 silly get     'cache-control': 'public, max-age=300',
732 silly get     etag: '"ca06875735e3e92e1b04391b44870a40"',
732 silly get     'last-modified': 'Mon, 09 Nov 2020 09:31:16 GMT',
732 silly get     vary: 'Accept-Encoding',
732 silly get     'cf-cache-status': 'HIT',
732 silly get     'cf-request-id': '077042ef490000fd62a806b000000001',
732 silly get     'expect-ct': 'max-age=604800, report-uri="https://report-uri.cloudflare.com/cdn-cgi/beacon/expect-ct"',
732 silly get     server: 'cloudflare' } ]
733 verbose etag https://registry.npmjs.org/@vaadin%2fvaadin-lumo-styles from cache
734 verbose get saving @vaadin/vaadin-lumo-styles to /home/vivian/.npm/registry.npmjs.org/_40vaadin_252fvaadin-lumo-styles/.cache.json
735 silly cache afterAdd @vaadin/vaadin-grid@5.7.7
736 verbose afterAdd /home/vivian/.npm/@vaadin/vaadin-grid/5.7.7/package/package.json not in flight; writing
737 verbose get https://registry.npmjs.org/@vaadin%2fvaadin-item not expired, no request
738 verbose get https://registry.npmjs.org/@vaadin%2fvaadin-material-styles not expired, no request
739 verbose get https://registry.npmjs.org/@vaadin%2fvaadin-notification not expired, no request
740 verbose get https://registry.npmjs.org/@vaadin%2fvaadin-date-picker not expired, no request
741 verbose get https://registry.npmjs.org/@vaadin%2fvaadin-dialog not expired, no request
742 silly cache afterAdd @polymer/iron-icon@3.0.1
743 verbose afterAdd /home/vivian/.npm/@polymer/iron-icon/3.0.1/package/package.json not in flight; writing
744 verbose afterAdd /home/vivian/.npm/@vaadin/vaadin-grid/5.7.7/package/package.json written
745 silly cache afterAdd @polymer/polymer@3.2.0
746 verbose afterAdd /home/vivian/.npm/@polymer/polymer/3.2.0/package/package.json not in flight; writing
747 silly cache afterAdd @vaadin/vaadin-item@2.3.0
748 verbose afterAdd /home/vivian/.npm/@vaadin/vaadin-item/2.3.0/package/package.json not in flight; writing
749 silly cache afterAdd @vaadin/vaadin-material-styles@1.3.2
750 verbose afterAdd /home/vivian/.npm/@vaadin/vaadin-material-styles/1.3.2/package/package.json not in flight; writing
751 silly cache afterAdd @vaadin/vaadin-date-picker@4.4.1
752 verbose afterAdd /home/vivian/.npm/@vaadin/vaadin-date-picker/4.4.1/package/package.json not in flight; writing
753 silly cache afterAdd @vaadin/vaadin-notification@1.6.0
754 verbose afterAdd /home/vivian/.npm/@vaadin/vaadin-notification/1.6.0/package/package.json not in flight; writing
755 silly resolveWithNewModule @vaadin/vaadin-lumo-styles@1.6.0 checking installable status
756 silly cache add args [ '@vaadin/vaadin-lumo-styles@1.6.0', null ]
757 verbose cache add spec @vaadin/vaadin-lumo-styles@1.6.0
758 silly cache add parsed spec Result {
758 silly cache add   raw: '@vaadin/vaadin-lumo-styles@1.6.0',
758 silly cache add   scope: '@vaadin',
758 silly cache add   name: '@vaadin/vaadin-lumo-styles',
758 silly cache add   rawSpec: '1.6.0',
758 silly cache add   spec: '1.6.0',
758 silly cache add   type: 'version' }
759 silly addNamed @vaadin/vaadin-lumo-styles@1.6.0
760 verbose addNamed "1.6.0" is a plain semver version for @vaadin/vaadin-lumo-styles
761 silly mapToRegistry name @vaadin/vaadin-lumo-styles
762 silly mapToRegistry scope (from package name) @vaadin
763 verbose mapToRegistry no registry URL found in name for scope @vaadin
764 silly mapToRegistry using default registry
765 silly mapToRegistry registry https://registry.npmjs.org/
766 silly mapToRegistry uri https://registry.npmjs.org/@vaadin%2fvaadin-lumo-styles
767 verbose addNameVersion registry:https://registry.npmjs.org/@vaadin%2fvaadin-lumo-styles not in flight; fetching
768 verbose afterAdd /home/vivian/.npm/@polymer/iron-icon/3.0.1/package/package.json written
769 silly cache afterAdd @vaadin/vaadin-dialog@2.5.2
770 verbose afterAdd /home/vivian/.npm/@vaadin/vaadin-dialog/2.5.2/package/package.json not in flight; writing
771 verbose afterAdd /home/vivian/.npm/@polymer/polymer/3.2.0/package/package.json written
772 verbose afterAdd /home/vivian/.npm/@vaadin/vaadin-material-styles/1.3.2/package/package.json written
773 verbose afterAdd /home/vivian/.npm/@vaadin/vaadin-date-picker/4.4.1/package/package.json written
774 verbose afterAdd /home/vivian/.npm/@vaadin/vaadin-notification/1.6.0/package/package.json written
775 verbose afterAdd /home/vivian/.npm/@vaadin/vaadin-item/2.3.0/package/package.json written
776 verbose get https://registry.npmjs.org/@vaadin%2fvaadin-lumo-styles not expired, no request
777 verbose afterAdd /home/vivian/.npm/@vaadin/vaadin-dialog/2.5.2/package/package.json written
778 silly cache afterAdd @vaadin/vaadin-lumo-styles@1.6.0
779 verbose afterAdd /home/vivian/.npm/@vaadin/vaadin-lumo-styles/1.6.0/package/package.json not in flight; writing
780 verbose afterAdd /home/vivian/.npm/@vaadin/vaadin-lumo-styles/1.6.0/package/package.json written
781 http 304 https://registry.npmjs.org/lit-element
782 verbose headers { date: 'Mon, 04 Jan 2021 18:30:06 GMT',
782 verbose headers   connection: 'keep-alive',
782 verbose headers   'set-cookie':
782 verbose headers    [ '__cfduid=d06328faf5a7a6d4e2477d9bf3666ad091609785005; expires=Wed, 03-Feb-21 18:30:05 GMT; path=/; domain=.npmjs.org; HttpOnly; SameSite=Lax' ],
782 verbose headers   'cf-ray': '60c7075e7ef3fd76-ATH',
782 verbose headers   'cache-control': 'public, max-age=300',
782 verbose headers   etag: '"7a28761b17470af2336917b53067f8df"',
782 verbose headers   'last-modified': 'Thu, 17 Dec 2020 21:13:39 GMT',
782 verbose headers   vary: 'Accept-Encoding',
782 verbose headers   'cf-cache-status': 'REVALIDATED',
782 verbose headers   'cf-request-id': '077042ef0b0000fd76b28dd000000001',
782 verbose headers   'expect-ct': 'max-age=604800, report-uri="https://report-uri.cloudflare.com/cdn-cgi/beacon/expect-ct"',
782 verbose headers   server: 'cloudflare' }
783 silly get cb [ 304,
783 silly get   { date: 'Mon, 04 Jan 2021 18:30:06 GMT',
783 silly get     connection: 'keep-alive',
783 silly get     'set-cookie':
783 silly get      [ '__cfduid=d06328faf5a7a6d4e2477d9bf3666ad091609785005; expires=Wed, 03-Feb-21 18:30:05 GMT; path=/; domain=.npmjs.org; HttpOnly; SameSite=Lax' ],
783 silly get     'cf-ray': '60c7075e7ef3fd76-ATH',
783 silly get     'cache-control': 'public, max-age=300',
783 silly get     etag: '"7a28761b17470af2336917b53067f8df"',
783 silly get     'last-modified': 'Thu, 17 Dec 2020 21:13:39 GMT',
783 silly get     vary: 'Accept-Encoding',
783 silly get     'cf-cache-status': 'REVALIDATED',
783 silly get     'cf-request-id': '077042ef0b0000fd76b28dd000000001',
783 silly get     'expect-ct': 'max-age=604800, report-uri="https://report-uri.cloudflare.com/cdn-cgi/beacon/expect-ct"',
783 silly get     server: 'cloudflare' } ]
784 verbose etag https://registry.npmjs.org/lit-element from cache
785 verbose get saving lit-element to /home/vivian/.npm/registry.npmjs.org/lit-element/.cache.json
786 verbose stack Error: Missing required argument #1
786 verbose stack     at andLogAndFinish (/usr/share/npm/lib/fetch-package-metadata.js:31:3)
786 verbose stack     at fetchPackageMetadata (/usr/share/npm/lib/fetch-package-metadata.js:51:22)
786 verbose stack     at resolveWithNewModule (/usr/share/npm/lib/install/deps.js:456:12)
786 verbose stack     at /usr/share/npm/lib/install/deps.js:457:7
786 verbose stack     at /usr/share/npm/node_modules/iferr/index.js:13:50
786 verbose stack     at /usr/share/npm/lib/fetch-package-metadata.js:37:12
786 verbose stack     at addRequestedAndFinish (/usr/share/npm/lib/fetch-package-metadata.js:82:5)
786 verbose stack     at returnAndAddMetadata (/usr/share/npm/lib/fetch-package-metadata.js:117:7)
786 verbose stack     at pickVersionFromRegistryDocument (/usr/share/npm/lib/fetch-package-metadata.js:134:20)
786 verbose stack     at /usr/share/npm/node_modules/iferr/index.js:13:50
787 verbose cwd /home/vivian/Downloads/hermes-internal-front-end
788 error Linux 4.15.0-39-generic
789 error argv "/usr/bin/node" "/usr/bin/npm" "--no-update-notifier" "--no-audit" "--scripts-prepend-node-path=true" "install"
790 error node v8.10.0
791 error npm  v3.5.2
792 error code EMISSINGARG
793 error typeerror Error: Missing required argument #1
793 error typeerror     at andLogAndFinish (/usr/share/npm/lib/fetch-package-metadata.js:31:3)
793 error typeerror     at fetchPackageMetadata (/usr/share/npm/lib/fetch-package-metadata.js:51:22)
793 error typeerror     at resolveWithNewModule (/usr/share/npm/lib/install/deps.js:456:12)
793 error typeerror     at /usr/share/npm/lib/install/deps.js:457:7
793 error typeerror     at /usr/share/npm/node_modules/iferr/index.js:13:50
793 error typeerror     at /usr/share/npm/lib/fetch-package-metadata.js:37:12
793 error typeerror     at addRequestedAndFinish (/usr/share/npm/lib/fetch-package-metadata.js:82:5)
793 error typeerror     at returnAndAddMetadata (/usr/share/npm/lib/fetch-package-metadata.js:117:7)
793 error typeerror     at pickVersionFromRegistryDocument (/usr/share/npm/lib/fetch-package-metadata.js:134:20)
793 error typeerror     at /usr/share/npm/node_modules/iferr/index.js:13:50
794 error typeerror This is an error with npm itself. Please report this error at:
794 error typeerror     <http://github.com/npm/npm/issues>
795 verbose exit [ 1, true ]
